Analysis & Synthesis report for lab_3
Tue Oct 20 16:21:42 2020
Quartus II 64-Bit Version 13.0.1 Build 232 06/12/2013 Service Pack 1 SJ Web Edition


---------------------
; Table of Contents ;
---------------------
  1. Legal Notice
  2. Analysis & Synthesis Summary
  3. Analysis & Synthesis Settings
  4. Parallel Compilation
  5. Analysis & Synthesis Source Files Read
  6. Analysis & Synthesis Resource Usage Summary
  7. Analysis & Synthesis Resource Utilization by Entity
  8. State Machine - |Lab3top|input_generator_low_freq:inst1|pr_state
  9. Registers Removed During Synthesis
 10. General Register Statistics
 11. Multiplexer Restructuring Statistics (Restructuring Performed)
 12. Parameter Settings for User Entity Instance: logiccircuit4bit:inst9|logiccircuit1bit:LSC3|74151:inst
 13. Parameter Settings for User Entity Instance: logiccircuit4bit:inst9|logiccircuit1bit:LSC2|74151:inst
 14. Parameter Settings for User Entity Instance: logiccircuit4bit:inst9|logiccircuit1bit:LSC1|74151:inst
 15. Parameter Settings for User Entity Instance: logiccircuit4bit:inst9|logiccircuit1bit:LSC0|74151:inst
 16. Elapsed Time Per Partition
 17. Analysis & Synthesis Messages



----------------
; Legal Notice ;
----------------
Copyright (C) 1991-2013 Altera Corporation
Your use of Altera Corporation's design tools, logic functions 
and other software and tools, and its AMPP partner logic 
functions, and any output files from any of the foregoing 
(including device programming or simulation files), and any 
associated documentation or information are expressly subject 
to the terms and conditions of the Altera Program License 
Subscription Agreement, Altera MegaCore Function License 
Agreement, or other applicable license agreement, including, 
without limitation, that your use is for the sole purpose of 
programming logic devices manufactured by Altera and sold by 
Altera or its authorized distributors.  Please refer to the 
applicable agreement for further details.



+--------------------------------------------------------------------------------------+
; Analysis & Synthesis Summary                                                         ;
+------------------------------------+-------------------------------------------------+
; Analysis & Synthesis Status        ; Successful - Tue Oct 20 16:21:41 2020           ;
; Quartus II 64-Bit Version          ; 13.0.1 Build 232 06/12/2013 SP 1 SJ Web Edition ;
; Revision Name                      ; lab_3                                           ;
; Top-level Entity Name              ; Lab3top                                         ;
; Family                             ; Cyclone IV E                                    ;
; Total logic elements               ; 87                                              ;
;     Total combinational functions  ; 71                                              ;
;     Dedicated logic registers      ; 55                                              ;
; Total registers                    ; 55                                              ;
; Total pins                         ; 21                                              ;
; Total virtual pins                 ; 0                                               ;
; Total memory bits                  ; 0                                               ;
; Embedded Multiplier 9-bit elements ; 0                                               ;
; Total PLLs                         ; 0                                               ;
+------------------------------------+-------------------------------------------------+


+----------------------------------------------------------------------------------------------------------------------+
; Analysis & Synthesis Settings                                                                                        ;
+----------------------------------------------------------------------------+--------------------+--------------------+
; Option                                                                     ; Setting            ; Default Value      ;
+----------------------------------------------------------------------------+--------------------+--------------------+
; Device                                                                     ; EP4CE115F29C7      ;                    ;
; Top-level entity name                                                      ; Lab3top            ; lab_3              ;
; Family name                                                                ; Cyclone IV E       ; Cyclone IV GX      ;
; Use smart compilation                                                      ; Off                ; Off                ;
; Enable parallel Assembler and TimeQuest Timing Analyzer during compilation ; On                 ; On                 ;
; Enable compact report table                                                ; Off                ; Off                ;
; Restructure Multiplexers                                                   ; Auto               ; Auto               ;
; Create Debugging Nodes for IP Cores                                        ; Off                ; Off                ;
; Preserve fewer node names                                                  ; On                 ; On                 ;
; Disable OpenCore Plus hardware evaluation                                  ; Off                ; Off                ;
; Verilog Version                                                            ; Verilog_2001       ; Verilog_2001       ;
; VHDL Version                                                               ; VHDL_1993          ; VHDL_1993          ;
; State Machine Processing                                                   ; Auto               ; Auto               ;
; Safe State Machine                                                         ; Off                ; Off                ;
; Extract Verilog State Machines                                             ; On                 ; On                 ;
; Extract VHDL State Machines                                                ; On                 ; On                 ;
; Ignore Verilog initial constructs                                          ; Off                ; Off                ;
; Iteration limit for constant Verilog loops                                 ; 5000               ; 5000               ;
; Iteration limit for non-constant Verilog loops                             ; 250                ; 250                ;
; Add Pass-Through Logic to Inferred RAMs                                    ; On                 ; On                 ;
; Infer RAMs from Raw Logic                                                  ; On                 ; On                 ;
; Parallel Synthesis                                                         ; On                 ; On                 ;
; DSP Block Balancing                                                        ; Auto               ; Auto               ;
; NOT Gate Push-Back                                                         ; On                 ; On                 ;
; Power-Up Don't Care                                                        ; On                 ; On                 ;
; Remove Redundant Logic Cells                                               ; Off                ; Off                ;
; Remove Duplicate Registers                                                 ; On                 ; On                 ;
; Ignore CARRY Buffers                                                       ; Off                ; Off                ;
; Ignore CASCADE Buffers                                                     ; Off                ; Off                ;
; Ignore GLOBAL Buffers                                                      ; Off                ; Off                ;
; Ignore ROW GLOBAL Buffers                                                  ; Off                ; Off                ;
; Ignore LCELL Buffers                                                       ; Off                ; Off                ;
; Ignore SOFT Buffers                                                        ; On                 ; On                 ;
; Limit AHDL Integers to 32 Bits                                             ; Off                ; Off                ;
; Optimization Technique                                                     ; Balanced           ; Balanced           ;
; Carry Chain Length                                                         ; 70                 ; 70                 ;
; Auto Carry Chains                                                          ; On                 ; On                 ;
; Auto Open-Drain Pins                                                       ; On                 ; On                 ;
; Perform WYSIWYG Primitive Resynthesis                                      ; Off                ; Off                ;
; Auto ROM Replacement                                                       ; On                 ; On                 ;
; Auto RAM Replacement                                                       ; On                 ; On                 ;
; Auto DSP Block Replacement                                                 ; On                 ; On                 ;
; Auto Shift Register Replacement                                            ; Auto               ; Auto               ;
; Allow Shift Register Merging across Hierarchies                            ; Auto               ; Auto               ;
; Auto Clock Enable Replacement                                              ; On                 ; On                 ;
; Strict RAM Replacement                                                     ; Off                ; Off                ;
; Allow Synchronous Control Signals                                          ; On                 ; On                 ;
; Force Use of Synchronous Clear Signals                                     ; Off                ; Off                ;
; Auto RAM Block Balancing                                                   ; On                 ; On                 ;
; Auto RAM to Logic Cell Conversion                                          ; Off                ; Off                ;
; Auto Resource Sharing                                                      ; Off                ; Off                ;
; Allow Any RAM Size For Recognition                                         ; Off                ; Off                ;
; Allow Any ROM Size For Recognition                                         ; Off                ; Off                ;
; Allow Any Shift Register Size For Recognition                              ; Off                ; Off                ;
; Use LogicLock Constraints during Resource Balancing                        ; On                 ; On                 ;
; Ignore translate_off and synthesis_off directives                          ; Off                ; Off                ;
; Timing-Driven Synthesis                                                    ; On                 ; On                 ;
; Report Parameter Settings                                                  ; On                 ; On                 ;
; Report Source Assignments                                                  ; On                 ; On                 ;
; Report Connectivity Checks                                                 ; On                 ; On                 ;
; Ignore Maximum Fan-Out Assignments                                         ; Off                ; Off                ;
; Synchronization Register Chain Length                                      ; 2                  ; 2                  ;
; PowerPlay Power Optimization                                               ; Normal compilation ; Normal compilation ;
; HDL message level                                                          ; Level2             ; Level2             ;
; Suppress Register Optimization Related Messages                            ; Off                ; Off                ;
; Number of Removed Registers Reported in Synthesis Report                   ; 5000               ; 5000               ;
; Number of Swept Nodes Reported in Synthesis Report                         ; 5000               ; 5000               ;
; Number of Inverted Registers Reported in Synthesis Report                  ; 100                ; 100                ;
; Clock MUX Protection                                                       ; On                 ; On                 ;
; Auto Gated Clock Conversion                                                ; Off                ; Off                ;
; Block Design Naming                                                        ; Auto               ; Auto               ;
; SDC constraint protection                                                  ; Off                ; Off                ;
; Synthesis Effort                                                           ; Auto               ; Auto               ;
; Shift Register Replacement - Allow Asynchronous Clear Signal               ; On                 ; On                 ;
; Pre-Mapping Resynthesis Optimization                                       ; Off                ; Off                ;
; Analysis & Synthesis Message Level                                         ; Medium             ; Medium             ;
; Disable Register Merging Across Hierarchies                                ; Auto               ; Auto               ;
; Resource Aware Inference For Block RAM                                     ; On                 ; On                 ;
; Synthesis Seed                                                             ; 1                  ; 1                  ;
+----------------------------------------------------------------------------+--------------------+--------------------+


Parallel compilation was disabled, but you have multiple processors available. Enable parallel compilation to reduce compilation time.
+-------------------------------------+
; Parallel Compilation                ;
+----------------------------+--------+
; Processors                 ; Number ;
+----------------------------+--------+
; Number detected on machine ; 4      ;
; Maximum allowed            ; 1      ;
+----------------------------+--------+


+-----------------------------------------------------------------------------------------------------------------------------------------------------------------------------------------------------------------------------------------------------------------+
; Analysis & Synthesis Source Files Read                                                                                                                                                                                                                          ;
+----------------------------------+-----------------+------------------------------------+-------------------------------------------------------------------------------------------------------------------------------------------------------------+---------+
; File Name with User-Entered Path ; Used in Netlist ; File Type                          ; File Name with Absolute Path                                                                                                                                ; Library ;
+----------------------------------+-----------------+------------------------------------+-------------------------------------------------------------------------------------------------------------------------------------------------------------+---------+
; logiccircuit1bit.bdf             ; yes             ; User Block Diagram/Schematic File  ; H:/CEG2136/lab_3/logiccircuit1bit.bdf                                                                                                                       ;         ;
; logiccircuit4bit.bdf             ; yes             ; User Block Diagram/Schematic File  ; H:/CEG2136/lab_3/logiccircuit4bit.bdf                                                                                                                       ;         ;
; fulladder1bit.bdf                ; yes             ; User Block Diagram/Schematic File  ; H:/CEG2136/lab_3/fulladder1bit.bdf                                                                                                                          ;         ;
; arithcircuit4bits.bdf            ; yes             ; User Block Diagram/Schematic File  ; H:/CEG2136/lab_3/arithcircuit4bits.bdf                                                                                                                      ;         ;
; state4bits.bdf                   ; yes             ; User Block Diagram/Schematic File  ; H:/CEG2136/lab_3/state4bits.bdf                                                                                                                             ;         ;
; register4bits.bdf                ; yes             ; User Block Diagram/Schematic File  ; H:/CEG2136/lab_3/register4bits.bdf                                                                                                                          ;         ;
; Lab3top.bdf                      ; yes             ; User Block Diagram/Schematic File  ; H:/CEG2136/lab_3/Lab3top.bdf                                                                                                                                ;         ;
; input_generator_low_freq.vhd     ; yes             ; Auto-Found VHDL File               ; H:/CEG2136/lab_3/input_generator_low_freq.vhd                                                                                                               ;         ;
; 74257.bdf                        ; yes             ; Megafunction                       ; c:/programdata/app-v/42a7790a-e852-4fd0-a846-61fbcbd0279a/f6001447-9727-4074-b939-1c3d5bbc9b4c/root/quartus_ii/quartus/libraries/others/maxplus2/74257.bdf  ;         ;
; 74153.bdf                        ; yes             ; Megafunction                       ; c:/programdata/app-v/42a7790a-e852-4fd0-a846-61fbcbd0279a/f6001447-9727-4074-b939-1c3d5bbc9b4c/root/quartus_ii/quartus/libraries/others/maxplus2/74153.bdf  ;         ;
; 74151.tdf                        ; yes             ; Megafunction                       ; c:/programdata/app-v/42a7790a-e852-4fd0-a846-61fbcbd0279a/f6001447-9727-4074-b939-1c3d5bbc9b4c/root/quartus_ii/quartus/libraries/others/maxplus2/74151.tdf  ;         ;
; aglobal.inc                      ; yes             ; Megafunction                       ; c:/programdata/app-v/42a7790a-e852-4fd0-a846-61fbcbd0279a/f6001447-9727-4074-b939-1c3d5bbc9b4c/root/quartus_ii/quartus/libraries/megafunctions/aglobal.inc  ;         ;
; f74151.bdf                       ; yes             ; Megafunction                       ; c:/programdata/app-v/42a7790a-e852-4fd0-a846-61fbcbd0279a/f6001447-9727-4074-b939-1c3d5bbc9b4c/root/quartus_ii/quartus/libraries/others/maxplus2/f74151.bdf ;         ;
+----------------------------------+-----------------+------------------------------------+-------------------------------------------------------------------------------------------------------------------------------------------------------------+---------+


+---------------------------------------------------------+
; Analysis & Synthesis Resource Usage Summary             ;
+---------------------------------------------+-----------+
; Resource                                    ; Usage     ;
+---------------------------------------------+-----------+
; Estimated Total logic elements              ; 87        ;
;                                             ;           ;
; Total combinational functions               ; 71        ;
; Logic element usage by number of LUT inputs ;           ;
;     -- 4 input functions                    ; 20        ;
;     -- 3 input functions                    ; 1         ;
;     -- <=2 input functions                  ; 50        ;
;                                             ;           ;
; Logic elements by mode                      ;           ;
;     -- normal mode                          ; 46        ;
;     -- arithmetic mode                      ; 25        ;
;                                             ;           ;
; Total registers                             ; 55        ;
;     -- Dedicated logic registers            ; 55        ;
;     -- I/O registers                        ; 0         ;
;                                             ;           ;
; I/O pins                                    ; 21        ;
; Embedded Multiplier 9-bit elements          ; 0         ;
; Maximum fan-out node                        ; clk~input ;
; Maximum fan-out                             ; 39        ;
; Total fan-out                               ; 319       ;
; Average fan-out                             ; 1.90      ;
+---------------------------------------------+-----------+


+----------------------------------------------------------------------------------------------------------------------------------------------------------------------------------------------------------+
; Analysis & Synthesis Resource Utilization by Entity                                                                                                                                                      ;
+-------------------------------------+-------------------+--------------+-------------+--------------+---------+-----------+------+--------------+-----------------------------------------+--------------+
; Compilation Hierarchy Node          ; LC Combinationals ; LC Registers ; Memory Bits ; DSP Elements ; DSP 9x9 ; DSP 18x18 ; Pins ; Virtual Pins ; Full Hierarchy Name                     ; Library Name ;
+-------------------------------------+-------------------+--------------+-------------+--------------+---------+-----------+------+--------------+-----------------------------------------+--------------+
; |Lab3top                            ; 71 (0)            ; 55 (0)       ; 0           ; 0            ; 0       ; 0         ; 21   ; 0            ; |Lab3top                                ; work         ;
;    |74257:insty|                    ; 4 (4)             ; 0 (0)        ; 0           ; 0            ; 0       ; 0         ; 0    ; 0            ; |Lab3top|74257:insty                    ; work         ;
;    |input_generator_low_freq:inst1| ; 61 (61)           ; 43 (43)      ; 0           ; 0            ; 0       ; 0         ; 0    ; 0            ; |Lab3top|input_generator_low_freq:inst1 ; work         ;
;    |register4bits:inst10|           ; 0 (0)             ; 4 (4)        ; 0           ; 0            ; 0       ; 0         ; 0    ; 0            ; |Lab3top|register4bits:inst10           ; work         ;
;    |register4bits:inst11|           ; 0 (0)             ; 4 (4)        ; 0           ; 0            ; 0       ; 0         ; 0    ; 0            ; |Lab3top|register4bits:inst11           ; work         ;
;    |register4bits:reg3|             ; 4 (4)             ; 4 (4)        ; 0           ; 0            ; 0       ; 0         ; 0    ; 0            ; |Lab3top|register4bits:reg3             ; work         ;
;    |state4bits:inst8|               ; 2 (2)             ; 0 (0)        ; 0           ; 0            ; 0       ; 0         ; 0    ; 0            ; |Lab3top|state4bits:inst8               ; work         ;
+-------------------------------------+-------------------+--------------+-------------+--------------+---------+-----------+------+--------------+-----------------------------------------+--------------+
Note: For table entries with two numbers listed, the numbers in parentheses indicate the number of resources of the given type used by the specific entity alone. The numbers listed outside of parentheses indicate the total resources of the given type used by the specific entity and all of its sub-entities in the hierarchy.


Encoding Type:  One-Hot
+------------------------------------------------------------------------------------------------------------------------------------------------------------------------------------------------------------------------------------------------------------------------------------------------------------------------+
; State Machine - |Lab3top|input_generator_low_freq:inst1|pr_state                                                                                                                                                                                                                                                       ;
+------------------+------------------+------------------+------------------+------------------+------------------+------------------+-----------------+-----------------+-----------------+-----------------+-----------------+-----------------+-----------------+-----------------+-----------------+-----------------+
; Name             ; pr_state.state15 ; pr_state.state14 ; pr_state.state13 ; pr_state.state12 ; pr_state.state11 ; pr_state.state10 ; pr_state.state9 ; pr_state.state8 ; pr_state.state7 ; pr_state.state6 ; pr_state.state5 ; pr_state.state4 ; pr_state.state3 ; pr_state.state2 ; pr_state.state1 ; pr_state.state0 ;
+------------------+------------------+------------------+------------------+------------------+------------------+------------------+-----------------+-----------------+-----------------+-----------------+-----------------+-----------------+-----------------+-----------------+-----------------+-----------------+
; pr_state.state0  ; 0                ; 0                ; 0                ; 0                ; 0                ; 0                ; 0               ; 0               ; 0               ; 0               ; 0               ; 0               ; 0               ; 0               ; 0               ; 0               ;
; pr_state.state1  ; 0                ; 0                ; 0                ; 0                ; 0                ; 0                ; 0               ; 0               ; 0               ; 0               ; 0               ; 0               ; 0               ; 0               ; 1               ; 1               ;
; pr_state.state2  ; 0                ; 0                ; 0                ; 0                ; 0                ; 0                ; 0               ; 0               ; 0               ; 0               ; 0               ; 0               ; 0               ; 1               ; 0               ; 1               ;
; pr_state.state3  ; 0                ; 0                ; 0                ; 0                ; 0                ; 0                ; 0               ; 0               ; 0               ; 0               ; 0               ; 0               ; 1               ; 0               ; 0               ; 1               ;
; pr_state.state4  ; 0                ; 0                ; 0                ; 0                ; 0                ; 0                ; 0               ; 0               ; 0               ; 0               ; 0               ; 1               ; 0               ; 0               ; 0               ; 1               ;
; pr_state.state5  ; 0                ; 0                ; 0                ; 0                ; 0                ; 0                ; 0               ; 0               ; 0               ; 0               ; 1               ; 0               ; 0               ; 0               ; 0               ; 1               ;
; pr_state.state6  ; 0                ; 0                ; 0                ; 0                ; 0                ; 0                ; 0               ; 0               ; 0               ; 1               ; 0               ; 0               ; 0               ; 0               ; 0               ; 1               ;
; pr_state.state7  ; 0                ; 0                ; 0                ; 0                ; 0                ; 0                ; 0               ; 0               ; 1               ; 0               ; 0               ; 0               ; 0               ; 0               ; 0               ; 1               ;
; pr_state.state8  ; 0                ; 0                ; 0                ; 0                ; 0                ; 0                ; 0               ; 1               ; 0               ; 0               ; 0               ; 0               ; 0               ; 0               ; 0               ; 1               ;
; pr_state.state9  ; 0                ; 0                ; 0                ; 0                ; 0                ; 0                ; 1               ; 0               ; 0               ; 0               ; 0               ; 0               ; 0               ; 0               ; 0               ; 1               ;
; pr_state.state10 ; 0                ; 0                ; 0                ; 0                ; 0                ; 1                ; 0               ; 0               ; 0               ; 0               ; 0               ; 0               ; 0               ; 0               ; 0               ; 1               ;
; pr_state.state11 ; 0                ; 0                ; 0                ; 0                ; 1                ; 0                ; 0               ; 0               ; 0               ; 0               ; 0               ; 0               ; 0               ; 0               ; 0               ; 1               ;
; pr_state.state12 ; 0                ; 0                ; 0                ; 1                ; 0                ; 0                ; 0               ; 0               ; 0               ; 0               ; 0               ; 0               ; 0               ; 0               ; 0               ; 1               ;
; pr_state.state13 ; 0                ; 0                ; 1                ; 0                ; 0                ; 0                ; 0               ; 0               ; 0               ; 0               ; 0               ; 0               ; 0               ; 0               ; 0               ; 1               ;
; pr_state.state14 ; 0                ; 1                ; 0                ; 0                ; 0                ; 0                ; 0               ; 0               ; 0               ; 0               ; 0               ; 0               ; 0               ; 0               ; 0               ; 1               ;
; pr_state.state15 ; 1                ; 0                ; 0                ; 0                ; 0                ; 0                ; 0               ; 0               ; 0               ; 0               ; 0               ; 0               ; 0               ; 0               ; 0               ; 1               ;
+------------------+------------------+------------------+------------------+------------------+------------------+------------------+-----------------+-----------------+-----------------+-----------------+-----------------+-----------------+-----------------+-----------------+-----------------+-----------------+


+--------------------------------------------------------------------------------+
; Registers Removed During Synthesis                                             ;
+---------------------------------------+----------------------------------------+
; Register name                         ; Reason for Removal                     ;
+---------------------------------------+----------------------------------------+
; register4bits:reg2|inst               ; Stuck at GND due to stuck port data_in ;
; register4bits:reg2|inst1              ; Stuck at GND due to stuck port data_in ;
; register4bits:reg2|inst2              ; Stuck at VCC due to stuck port data_in ;
; register4bits:reg2|inst3              ; Stuck at VCC due to stuck port data_in ;
; register4bits:reg1|inst               ; Stuck at GND due to stuck port data_in ;
; register4bits:reg1|inst1              ; Stuck at VCC due to stuck port data_in ;
; register4bits:reg1|inst2              ; Stuck at GND due to stuck port data_in ;
; register4bits:reg1|inst3              ; Stuck at VCC due to stuck port data_in ;
; Total Number of Removed Registers = 8 ;                                        ;
+---------------------------------------+----------------------------------------+


+------------------------------------------------------+
; General Register Statistics                          ;
+----------------------------------------------+-------+
; Statistic                                    ; Value ;
+----------------------------------------------+-------+
; Total registers                              ; 55    ;
; Number of registers using Synchronous Clear  ; 0     ;
; Number of registers using Synchronous Load   ; 0     ;
; Number of registers using Asynchronous Clear ; 0     ;
; Number of registers using Asynchronous Load  ; 0     ;
; Number of registers using Clock Enable       ; 0     ;
; Number of registers using Preset             ; 0     ;
+----------------------------------------------+-------+


+------------------------------------------------------------------------------------------------------------------------------------------+
; Multiplexer Restructuring Statistics (Restructuring Performed)                                                                           ;
+--------------------+-----------+---------------+----------------------+------------------------+------------+----------------------------+
; Multiplexer Inputs ; Bus Width ; Baseline Area ; Area if Restructured ; Saving if Restructured ; Registered ; Example Multiplexer Output ;
+--------------------+-----------+---------------+----------------------+------------------------+------------+----------------------------+
; 3:1                ; 2 bits    ; 4 LEs         ; 4 LEs                ; 0 LEs                  ; No         ; |Lab3top|74257:insty|25    ;
+--------------------+-----------+---------------+----------------------+------------------------+------------+----------------------------+


+------------------------------------------------------------------------------------------------------+
; Parameter Settings for User Entity Instance: logiccircuit4bit:inst9|logiccircuit1bit:LSC3|74151:inst ;
+------------------------+--------------+--------------------------------------------------------------+
; Parameter Name         ; Value        ; Type                                                         ;
+------------------------+--------------+--------------------------------------------------------------+
; DEVICE_FAMILY          ; Cyclone IV E ; Untyped                                                      ;
; AUTO_CARRY_CHAINS      ; ON           ; AUTO_CARRY                                                   ;
; IGNORE_CARRY_BUFFERS   ; OFF          ; IGNORE_CARRY                                                 ;
; AUTO_CASCADE_CHAINS    ; ON           ; AUTO_CASCADE                                                 ;
; IGNORE_CASCADE_BUFFERS ; OFF          ; IGNORE_CASCADE                                               ;
+------------------------+--------------+--------------------------------------------------------------+
Note: In order to hide this table in the UI and the text report file, please set the "Show Parameter Settings in Synthesis Report" option in "Analysis and Synthesis Settings -> More Settings" to "Off".


+------------------------------------------------------------------------------------------------------+
; Parameter Settings for User Entity Instance: logiccircuit4bit:inst9|logiccircuit1bit:LSC2|74151:inst ;
+------------------------+--------------+--------------------------------------------------------------+
; Parameter Name         ; Value        ; Type                                                         ;
+------------------------+--------------+--------------------------------------------------------------+
; DEVICE_FAMILY          ; Cyclone IV E ; Untyped                                                      ;
; AUTO_CARRY_CHAINS      ; ON           ; AUTO_CARRY                                                   ;
; IGNORE_CARRY_BUFFERS   ; OFF          ; IGNORE_CARRY                                                 ;
; AUTO_CASCADE_CHAINS    ; ON           ; AUTO_CASCADE                                                 ;
; IGNORE_CASCADE_BUFFERS ; OFF          ; IGNORE_CASCADE                                               ;
+------------------------+--------------+--------------------------------------------------------------+
Note: In order to hide this table in the UI and the text report file, please set the "Show Parameter Settings in Synthesis Report" option in "Analysis and Synthesis Settings -> More Settings" to "Off".


+------------------------------------------------------------------------------------------------------+
; Parameter Settings for User Entity Instance: logiccircuit4bit:inst9|logiccircuit1bit:LSC1|74151:inst ;
+------------------------+--------------+--------------------------------------------------------------+
; Parameter Name         ; Value        ; Type                                                         ;
+------------------------+--------------+--------------------------------------------------------------+
; DEVICE_FAMILY          ; Cyclone IV E ; Untyped                                                      ;
; AUTO_CARRY_CHAINS      ; ON           ; AUTO_CARRY                                                   ;
; IGNORE_CARRY_BUFFERS   ; OFF          ; IGNORE_CARRY                                                 ;
; AUTO_CASCADE_CHAINS    ; ON           ; AUTO_CASCADE                                                 ;
; IGNORE_CASCADE_BUFFERS ; OFF          ; IGNORE_CASCADE                                               ;
+------------------------+--------------+--------------------------------------------------------------+
Note: In order to hide this table in the UI and the text report file, please set the "Show Parameter Settings in Synthesis Report" option in "Analysis and Synthesis Settings -> More Settings" to "Off".


+------------------------------------------------------------------------------------------------------+
; Parameter Settings for User Entity Instance: logiccircuit4bit:inst9|logiccircuit1bit:LSC0|74151:inst ;
+------------------------+--------------+--------------------------------------------------------------+
; Parameter Name         ; Value        ; Type                                                         ;
+------------------------+--------------+--------------------------------------------------------------+
; DEVICE_FAMILY          ; Cyclone IV E ; Untyped                                                      ;
; AUTO_CARRY_CHAINS      ; ON           ; AUTO_CARRY                                                   ;
; IGNORE_CARRY_BUFFERS   ; OFF          ; IGNORE_CARRY                                                 ;
; AUTO_CASCADE_CHAINS    ; ON           ; AUTO_CASCADE                                                 ;
; IGNORE_CASCADE_BUFFERS ; OFF          ; IGNORE_CASCADE                                               ;
+------------------------+--------------+--------------------------------------------------------------+
Note: In order to hide this table in the UI and the text report file, please set the "Show Parameter Settings in Synthesis Report" option in "Analysis and Synthesis Settings -> More Settings" to "Off".


+-------------------------------+
; Elapsed Time Per Partition    ;
+----------------+--------------+
; Partition Name ; Elapsed Time ;
+----------------+--------------+
; Top            ; 00:00:00     ;
+----------------+--------------+


+-------------------------------+
; Analysis & Synthesis Messages ;
+-------------------------------+
Info: *******************************************************************
Info: Running Quartus II 64-Bit Analysis & Synthesis
    Info: Version 13.0.1 Build 232 06/12/2013 Service Pack 1 SJ Web Edition
    Info: Processing started: Tue Oct 20 16:21:31 2020
Info: Command: quartus_map --read_settings_files=on --write_settings_files=off lab_3 -c lab_3
Warning (20028): Parallel compilation is not licensed and has been disabled
Info (12021): Found 1 design units, including 1 entities, in source file logiccircuit1bit.bdf
    Info (12023): Found entity 1: logiccircuit1bit
Info (12021): Found 1 design units, including 1 entities, in source file logiccircuit4bit.bdf
    Info (12023): Found entity 1: logiccircuit4bit
Info (12021): Found 1 design units, including 1 entities, in source file fulladder1bit.bdf
    Info (12023): Found entity 1: fulladder1bit
Info (12021): Found 1 design units, including 1 entities, in source file arithcircuit4bits.bdf
    Info (12023): Found entity 1: arithcircuit4bits
Info (12021): Found 1 design units, including 1 entities, in source file state4bits.bdf
    Info (12023): Found entity 1: state4bits
Info (12021): Found 1 design units, including 1 entities, in source file register4bits.bdf
    Info (12023): Found entity 1: register4bits
Info (12021): Found 1 design units, including 1 entities, in source file lab3top.bdf
    Info (12023): Found entity 1: Lab3top
Info (12127): Elaborating entity "Lab3top" for the top level hierarchy
Warning (12125): Using design file input_generator_low_freq.vhd, which is not specified as a design file for the current project, but contains definitions for 2 design units and 1 entities in project
    Info (12022): Found design unit 1: input_generator_low_freq-behavioral
    Info (12023): Found entity 1: input_generator_low_freq
Info (12128): Elaborating entity "input_generator_low_freq" for hierarchy "input_generator_low_freq:inst1"
Warning (10492): VHDL Process Statement warning at input_generator_low_freq.vhd(56): signal "code0" is read inside the Process Statement but isn't in the Process Statement's sensitivity list
Warning (10492): VHDL Process Statement warning at input_generator_low_freq.vhd(56): signal "code1" is read inside the Process Statement but isn't in the Process Statement's sensitivity list
Warning (10492): VHDL Process Statement warning at input_generator_low_freq.vhd(56): signal "code2" is read inside the Process Statement but isn't in the Process Statement's sensitivity list
Warning (10492): VHDL Process Statement warning at input_generator_low_freq.vhd(283): signal "code0" is read inside the Process Statement but isn't in the Process Statement's sensitivity list
Warning (10492): VHDL Process Statement warning at input_generator_low_freq.vhd(283): signal "code1" is read inside the Process Statement but isn't in the Process Statement's sensitivity list
Warning (10492): VHDL Process Statement warning at input_generator_low_freq.vhd(283): signal "code2" is read inside the Process Statement but isn't in the Process Statement's sensitivity list
Warning (10492): VHDL Process Statement warning at input_generator_low_freq.vhd(510): signal "code0" is read inside the Process Statement but isn't in the Process Statement's sensitivity list
Warning (10492): VHDL Process Statement warning at input_generator_low_freq.vhd(510): signal "code1" is read inside the Process Statement but isn't in the Process Statement's sensitivity list
Warning (10492): VHDL Process Statement warning at input_generator_low_freq.vhd(510): signal "code2" is read inside the Process Statement but isn't in the Process Statement's sensitivity list
Warning (10492): VHDL Process Statement warning at input_generator_low_freq.vhd(737): signal "code0" is read inside the Process Statement but isn't in the Process Statement's sensitivity list
Warning (10492): VHDL Process Statement warning at input_generator_low_freq.vhd(737): signal "code1" is read inside the Process Statement but isn't in the Process Statement's sensitivity list
Warning (10492): VHDL Process Statement warning at input_generator_low_freq.vhd(737): signal "code2" is read inside the Process Statement but isn't in the Process Statement's sensitivity list
Warning (10492): VHDL Process Statement warning at input_generator_low_freq.vhd(964): signal "code0" is read inside the Process Statement but isn't in the Process Statement's sensitivity list
Warning (10492): VHDL Process Statement warning at input_generator_low_freq.vhd(964): signal "code1" is read inside the Process Statement but isn't in the Process Statement's sensitivity list
Warning (10492): VHDL Process Statement warning at input_generator_low_freq.vhd(964): signal "code2" is read inside the Process Statement but isn't in the Process Statement's sensitivity list
Warning (10631): VHDL Process Statement warning at input_generator_low_freq.vhd(49): inferring latch(es) for signal or variable "nx_state", which holds its previous value in one or more paths through the process
Warning (10631): VHDL Process Statement warning at input_generator_low_freq.vhd(49): inferring latch(es) for signal or variable "reset", which holds its previous value in one or more paths through the process
Warning (10631): VHDL Process Statement warning at input_generator_low_freq.vhd(49): inferring latch(es) for signal or variable "S0", which holds its previous value in one or more paths through the process
Warning (10631): VHDL Process Statement warning at input_generator_low_freq.vhd(49): inferring latch(es) for signal or variable "S1", which holds its previous value in one or more paths through the process
Warning (10631): VHDL Process Statement warning at input_generator_low_freq.vhd(49): inferring latch(es) for signal or variable "S2", which holds its previous value in one or more paths through the process
Warning (10631): VHDL Process Statement warning at input_generator_low_freq.vhd(49): inferring latch(es) for signal or variable "S3", which holds its previous value in one or more paths through the process
Warning (10631): VHDL Process Statement warning at input_generator_low_freq.vhd(49): inferring latch(es) for signal or variable "A0", which holds its previous value in one or more paths through the process
Warning (10631): VHDL Process Statement warning at input_generator_low_freq.vhd(49): inferring latch(es) for signal or variable "A1", which holds its previous value in one or more paths through the process
Warning (10631): VHDL Process Statement warning at input_generator_low_freq.vhd(49): inferring latch(es) for signal or variable "A2", which holds its previous value in one or more paths through the process
Warning (10631): VHDL Process Statement warning at input_generator_low_freq.vhd(49): inferring latch(es) for signal or variable "A3", which holds its previous value in one or more paths through the process
Warning (10631): VHDL Process Statement warning at input_generator_low_freq.vhd(49): inferring latch(es) for signal or variable "B0", which holds its previous value in one or more paths through the process
Warning (10631): VHDL Process Statement warning at input_generator_low_freq.vhd(49): inferring latch(es) for signal or variable "B1", which holds its previous value in one or more paths through the process
Warning (10631): VHDL Process Statement warning at input_generator_low_freq.vhd(49): inferring latch(es) for signal or variable "B2", which holds its previous value in one or more paths through the process
Warning (10631): VHDL Process Statement warning at input_generator_low_freq.vhd(49): inferring latch(es) for signal or variable "B3", which holds its previous value in one or more paths through the process
Info (10041): Inferred latch for "B3" at input_generator_low_freq.vhd(49)
Info (10041): Inferred latch for "B2" at input_generator_low_freq.vhd(49)
Info (10041): Inferred latch for "B1" at input_generator_low_freq.vhd(49)
Info (10041): Inferred latch for "B0" at input_generator_low_freq.vhd(49)
Info (10041): Inferred latch for "A3" at input_generator_low_freq.vhd(49)
Info (10041): Inferred latch for "A2" at input_generator_low_freq.vhd(49)
Info (10041): Inferred latch for "A1" at input_generator_low_freq.vhd(49)
Info (10041): Inferred latch for "A0" at input_generator_low_freq.vhd(49)
Info (10041): Inferred latch for "S3" at input_generator_low_freq.vhd(49)
Info (10041): Inferred latch for "S2" at input_generator_low_freq.vhd(49)
Info (10041): Inferred latch for "S1" at input_generator_low_freq.vhd(49)
Info (10041): Inferred latch for "S0" at input_generator_low_freq.vhd(49)
Info (10041): Inferred latch for "nx_state.state15" at input_generator_low_freq.vhd(49)
Info (10041): Inferred latch for "nx_state.state14" at input_generator_low_freq.vhd(49)
Info (10041): Inferred latch for "nx_state.state13" at input_generator_low_freq.vhd(49)
Info (10041): Inferred latch for "nx_state.state12" at input_generator_low_freq.vhd(49)
Info (10041): Inferred latch for "nx_state.state11" at input_generator_low_freq.vhd(49)
Info (10041): Inferred latch for "nx_state.state10" at input_generator_low_freq.vhd(49)
Info (10041): Inferred latch for "nx_state.state9" at input_generator_low_freq.vhd(49)
Info (10041): Inferred latch for "nx_state.state8" at input_generator_low_freq.vhd(49)
Info (10041): Inferred latch for "nx_state.state7" at input_generator_low_freq.vhd(49)
Info (10041): Inferred latch for "nx_state.state6" at input_generator_low_freq.vhd(49)
Info (10041): Inferred latch for "nx_state.state5" at input_generator_low_freq.vhd(49)
Info (10041): Inferred latch for "nx_state.state4" at input_generator_low_freq.vhd(49)
Info (10041): Inferred latch for "nx_state.state3" at input_generator_low_freq.vhd(49)
Info (10041): Inferred latch for "nx_state.state2" at input_generator_low_freq.vhd(49)
Info (10041): Inferred latch for "nx_state.state1" at input_generator_low_freq.vhd(49)
Info (10041): Inferred latch for "nx_state.state0" at input_generator_low_freq.vhd(49)
Info (10041): Inferred latch for "reset" at input_generator_low_freq.vhd(52)
Info (12128): Elaborating entity "register4bits" for hierarchy "register4bits:inst10"
Info (12128): Elaborating entity "74257" for hierarchy "74257:insty"
Info (12130): Elaborated megafunction instantiation "74257:insty"
Info (12128): Elaborating entity "arithcircuit4bits" for hierarchy "arithcircuit4bits:inst6"
Info (12128): Elaborating entity "fulladder1bit" for hierarchy "arithcircuit4bits:inst6|fulladder1bit:inst"
Info (12128): Elaborating entity "74153" for hierarchy "arithcircuit4bits:inst6|74153:MUX0"
Info (12130): Elaborated megafunction instantiation "arithcircuit4bits:inst6|74153:MUX0"
Info (12128): Elaborating entity "logiccircuit4bit" for hierarchy "logiccircuit4bit:inst9"
Info (12128): Elaborating entity "logiccircuit1bit" for hierarchy "logiccircuit4bit:inst9|logiccircuit1bit:LSC3"
Info (12128): Elaborating entity "74151" for hierarchy "logiccircuit4bit:inst9|logiccircuit1bit:LSC3|74151:inst"
Info (12130): Elaborated megafunction instantiation "logiccircuit4bit:inst9|logiccircuit1bit:LSC3|74151:inst"
Info (12128): Elaborating entity "f74151" for hierarchy "logiccircuit4bit:inst9|logiccircuit1bit:LSC3|74151:inst|f74151:sub"
Info (12131): Elaborated megafunction instantiation "logiccircuit4bit:inst9|logiccircuit1bit:LSC3|74151:inst|f74151:sub", which is child of megafunction instantiation "logiccircuit4bit:inst9|logiccircuit1bit:LSC3|74151:inst"
Info (12128): Elaborating entity "state4bits" for hierarchy "state4bits:inst8"
Warning (14026): LATCH primitive "input_generator_low_freq:inst1|nx_state.state3_858" is permanently enabled
Warning (14026): LATCH primitive "input_generator_low_freq:inst1|nx_state.state4_846" is permanently enabled
Warning (14026): LATCH primitive "input_generator_low_freq:inst1|nx_state.state5_834" is permanently enabled
Warning (14026): LATCH primitive "input_generator_low_freq:inst1|nx_state.state6_822" is permanently enabled
Warning (14026): LATCH primitive "input_generator_low_freq:inst1|nx_state.state7_810" is permanently enabled
Warning (14026): LATCH primitive "input_generator_low_freq:inst1|nx_state.state8_798" is permanently enabled
Warning (14026): LATCH primitive "input_generator_low_freq:inst1|nx_state.state9_786" is permanently enabled
Warning (14026): LATCH primitive "input_generator_low_freq:inst1|nx_state.state10_774" is permanently enabled
Warning (14026): LATCH primitive "input_generator_low_freq:inst1|nx_state.state11_762" is permanently enabled
Warning (14026): LATCH primitive "input_generator_low_freq:inst1|nx_state.state12_750" is permanently enabled
Warning (14026): LATCH primitive "input_generator_low_freq:inst1|nx_state.state13_738" is permanently enabled
Warning (14026): LATCH primitive "input_generator_low_freq:inst1|nx_state.state14_726" is permanently enabled
Warning (14026): LATCH primitive "input_generator_low_freq:inst1|nx_state.state15_714" is permanently enabled
Warning (14026): LATCH primitive "input_generator_low_freq:inst1|nx_state.state0_894" is permanently enabled
Warning (14026): LATCH primitive "input_generator_low_freq:inst1|nx_state.state1_882" is permanently enabled
Warning (14026): LATCH primitive "input_generator_low_freq:inst1|nx_state.state2_870" is permanently enabled
Info (13014): Ignored 7 buffer(s)
    Info (13017): Ignored 7 CASCADE buffer(s)
Warning (13046): Tri-state node(s) do not directly drive top-level pin(s)
    Warning (13049): Converted tri-state buffer "74257:insty|29" feeding internal logic into a wire
    Warning (13049): Converted tri-state buffer "74257:insty|26" feeding internal logic into a wire
    Warning (13049): Converted tri-state buffer "74257:insty|22" feeding internal logic into a wire
    Warning (13049): Converted tri-state buffer "74257:insty|20" feeding internal logic into a wire
Warning (13024): Output pins are stuck at VCC or GND
    Warning (13410): Pin "B3" is stuck at VCC
    Warning (13410): Pin "A0" is stuck at GND
    Warning (13410): Pin "A1" is stuck at VCC
    Warning (13410): Pin "A2" is stuck at GND
    Warning (13410): Pin "A3" is stuck at VCC
    Warning (13410): Pin "B0" is stuck at GND
    Warning (13410): Pin "B1" is stuck at GND
    Warning (13410): Pin "B2" is stuck at VCC
Info (286030): Timing-Driven Synthesis is running
Info (16010): Generating hard_block partition "hard_block:auto_generated_inst"
    Info (16011): Adding 0 node(s), including 0 DDIO, 0 PLL, 0 transceiver and 0 LCELL
Info (21057): Implemented 110 device resources after synthesis - the final resource count might be different
    Info (21058): Implemented 1 input pins
    Info (21059): Implemented 20 output pins
    Info (21061): Implemented 89 logic cells
Info: Quartus II 64-Bit Analysis & Synthesis was successful. 0 errors, 61 warnings
    Info: Peak virtual memory: 551 megabytes
    Info: Processing ended: Tue Oct 20 16:21:42 2020
    Info: Elapsed time: 00:00:11
    Info: Total CPU time (on all processors): 00:00:09


